2019-01-29 11:50:23,454 INFO =*=*=*=*=*=*=*=*=*=*=*=*=*=*=*=*=*=*=*=*=*
2019-01-29 11:50:23,454 INFO =*=*=*=*=*=.      NEW LOG      =*=*=*=*=*
2019-01-29 11:50:23,454 INFO =*=*=*=*=*=*=*=*=*=*=*=*=*=*=*=*=*=*=*=*=*
2019-01-29 11:50:28,448 INFO BEST PLAYER VERSION: 0
2019-01-29 11:50:28,463 INFO ====================
2019-01-29 11:50:28,463 INFO EPISODE 1 OF 10
2019-01-29 11:50:28,463 INFO ====================
2019-01-29 11:50:28,468 INFO best_player goes first
2019-01-29 11:50:28,468 INFO --------------
2019-01-29 11:50:28,468 INFO Current Turn: 1
2019-01-29 11:50:28,468 INFO # of draws this turn: 4
2019-01-29 11:50:28,472 INFO Player 1 hand: [(1, 1), (2, 3), (3, 4), (0, 5), (1, 5), (3, 5), (6, 6)]
2019-01-29 11:50:28,473 INFO Player 2 hand: [(2, 2), (0, 4)]
2019-01-29 11:50:28,473 INFO Head Domino Value: 6
2019-01-29 11:50:28,473 INFO Available actions: [(6, 6)]
2019-01-29 11:50:28,473 INFO --------------
2019-01-29 11:50:29,758 INFO MCTS perceived value for (6, 6): [-0.04]
2019-01-29 12:06:55,976 INFO =*=*=*=*=*=*=*=*=*=*=*=*=*=*=*=*=*=*=*=*=*
2019-01-29 12:06:55,976 INFO =*=*=*=*=*=.      NEW LOG      =*=*=*=*=*
2019-01-29 12:06:55,976 INFO =*=*=*=*=*=*=*=*=*=*=*=*=*=*=*=*=*=*=*=*=*
2019-01-29 12:07:00,983 INFO BEST PLAYER VERSION: 0
2019-01-29 12:07:00,998 INFO ====================
2019-01-29 12:07:00,998 INFO EPISODE 1 OF 10
2019-01-29 12:07:00,998 INFO ====================
2019-01-29 12:07:01,003 INFO best_player goes first
2019-01-29 12:07:01,003 INFO --------------
2019-01-29 12:07:01,003 INFO Current Turn: 1
2019-01-29 12:07:01,003 INFO # of draws this turn: 4
2019-01-29 12:07:01,004 INFO Player 1 hand: [(1, 1), (2, 3), (3, 4), (0, 5), (1, 5), (3, 5), (6, 6)]
2019-01-29 12:07:01,005 INFO Player 2 hand: [(2, 2), (0, 4)]
2019-01-29 12:07:01,005 INFO Head Domino Value: 6
2019-01-29 12:07:01,005 INFO Available actions: [(6, 6)]
2019-01-29 12:07:01,005 INFO --------------
2019-01-29 12:07:02,296 INFO MCTS perceived value for (6, 6): [-0.04]
2019-01-29 12:08:10,822 INFO =*=*=*=*=*=*=*=*=*=*=*=*=*=*=*=*=*=*=*=*=*
2019-01-29 12:08:10,822 INFO =*=*=*=*=*=.      NEW LOG      =*=*=*=*=*
2019-01-29 12:08:10,822 INFO =*=*=*=*=*=*=*=*=*=*=*=*=*=*=*=*=*=*=*=*=*
2019-01-29 12:08:15,814 INFO BEST PLAYER VERSION: 0
2019-01-29 12:08:15,829 INFO ====================
2019-01-29 12:08:15,829 INFO EPISODE 1 OF 10
2019-01-29 12:08:15,829 INFO ====================
2019-01-29 12:08:15,833 INFO best_player goes first
2019-01-29 12:08:15,833 INFO --------------
2019-01-29 12:08:15,834 INFO Current Turn: 1
2019-01-29 12:08:15,834 INFO # of draws this turn: 4
2019-01-29 12:08:15,835 INFO Player 1 hand: [(1, 1), (2, 3), (3, 4), (0, 5), (1, 5), (3, 5), (6, 6)]
2019-01-29 12:08:15,835 INFO Player 2 hand: [(2, 2), (0, 4)]
2019-01-29 12:08:15,835 INFO Head Domino Value: 6
2019-01-29 12:08:15,835 INFO Available actions: [(6, 6)]
2019-01-29 12:08:15,836 INFO --------------
2019-01-29 12:08:17,116 INFO MCTS perceived value for (6, 6): [-0.04]
2019-01-29 12:26:07,203 INFO =*=*=*=*=*=*=*=*=*=*=*=*=*=*=*=*=*=*=*=*=*
2019-01-29 12:26:07,203 INFO =*=*=*=*=*=.      NEW LOG      =*=*=*=*=*
2019-01-29 12:26:07,203 INFO =*=*=*=*=*=*=*=*=*=*=*=*=*=*=*=*=*=*=*=*=*
2019-01-29 12:26:12,154 INFO BEST PLAYER VERSION: 0
2019-01-29 12:26:12,169 INFO ====================
2019-01-29 12:26:12,169 INFO EPISODE 1 OF 10
2019-01-29 12:26:12,169 INFO ====================
2019-01-29 12:26:12,173 INFO best_player goes first
2019-01-29 12:26:12,174 INFO --------------
2019-01-29 12:26:12,174 INFO Current Turn: 1
2019-01-29 12:26:12,174 INFO # of draws this turn: 4
2019-01-29 12:26:12,175 INFO Player 1 hand: [(1, 1), (2, 3), (3, 4), (0, 5), (1, 5), (3, 5), (6, 6)]
2019-01-29 12:26:12,175 INFO Player 2 hand: [(2, 2), (0, 4)]
2019-01-29 12:26:12,175 INFO Head Domino Value: 6
2019-01-29 12:26:12,175 INFO Available actions: [(6, 6)]
2019-01-29 12:26:12,176 INFO --------------
2019-01-29 12:26:13,464 INFO MCTS perceived value for (6, 6): [-0.04]
2019-01-29 12:27:41,022 INFO =*=*=*=*=*=*=*=*=*=*=*=*=*=*=*=*=*=*=*=*=*
2019-01-29 12:27:41,022 INFO =*=*=*=*=*=.      NEW LOG      =*=*=*=*=*
2019-01-29 12:27:41,022 INFO =*=*=*=*=*=*=*=*=*=*=*=*=*=*=*=*=*=*=*=*=*
2019-01-29 12:27:45,977 INFO BEST PLAYER VERSION: 0
2019-01-29 12:27:45,992 INFO ====================
2019-01-29 12:27:45,992 INFO EPISODE 1 OF 10
2019-01-29 12:27:45,992 INFO ====================
2019-01-29 12:27:45,996 INFO best_player goes first
2019-01-29 12:27:45,996 INFO --------------
2019-01-29 12:27:45,997 INFO Current Turn: 1
2019-01-29 12:27:45,997 INFO # of draws this turn: 4
2019-01-29 12:27:45,998 INFO Player 1 hand: [(1, 1), (2, 3), (3, 4), (0, 5), (1, 5), (3, 5), (6, 6)]
2019-01-29 12:27:45,998 INFO Player 2 hand: [(2, 2), (0, 4)]
2019-01-29 12:27:45,998 INFO Head Domino Value: 6
2019-01-29 12:27:45,998 INFO Available actions: [(6, 6)]
2019-01-29 12:27:45,998 INFO --------------
2019-01-29 12:27:47,286 INFO MCTS perceived value for (6, 6): [-0.04]
2019-01-29 12:28:56,059 INFO =*=*=*=*=*=*=*=*=*=*=*=*=*=*=*=*=*=*=*=*=*
2019-01-29 12:28:56,059 INFO =*=*=*=*=*=.      NEW LOG      =*=*=*=*=*
2019-01-29 12:28:56,059 INFO =*=*=*=*=*=*=*=*=*=*=*=*=*=*=*=*=*=*=*=*=*
2019-01-29 12:29:01,065 INFO BEST PLAYER VERSION: 0
2019-01-29 12:29:01,080 INFO ====================
2019-01-29 12:29:01,080 INFO EPISODE 1 OF 10
2019-01-29 12:29:01,080 INFO ====================
2019-01-29 12:29:01,085 INFO best_player goes first
2019-01-29 12:29:01,085 INFO --------------
2019-01-29 12:29:01,085 INFO Current Turn: 1
2019-01-29 12:29:01,085 INFO # of draws this turn: 4
2019-01-29 12:29:01,086 INFO Player 1 hand: [(1, 1), (2, 3), (3, 4), (0, 5), (1, 5), (3, 5), (6, 6)]
2019-01-29 12:29:01,086 INFO Player 2 hand: [(2, 2), (0, 4)]
2019-01-29 12:29:01,087 INFO Head Domino Value: 6
2019-01-29 12:29:01,087 INFO Available actions: [(6, 6)]
2019-01-29 12:29:01,087 INFO --------------
2019-01-29 12:29:02,377 INFO MCTS perceived value for (6, 6): [-0.04]
2019-01-29 12:29:02,379 INFO Current Turn: -1
2019-01-29 12:29:02,379 INFO # of draws this turn: 1
2019-01-29 12:29:02,380 INFO Player 1 hand: [(2, 2), (0, 4), (1, 6)]
2019-01-29 12:29:02,381 INFO Player 2 hand: [(1, 1), (2, 3), (3, 4), (0, 5), (1, 5), (3, 5)]
2019-01-29 12:29:02,381 INFO Head Domino Value: 6
2019-01-29 12:29:02,381 INFO Available actions: [(1, 6)]
2019-01-29 12:29:02,381 INFO --------------
2019-01-29 12:29:55,339 INFO =*=*=*=*=*=*=*=*=*=*=*=*=*=*=*=*=*=*=*=*=*
2019-01-29 12:29:55,340 INFO =*=*=*=*=*=.      NEW LOG      =*=*=*=*=*
2019-01-29 12:29:55,340 INFO =*=*=*=*=*=*=*=*=*=*=*=*=*=*=*=*=*=*=*=*=*
2019-01-29 12:30:00,326 INFO BEST PLAYER VERSION: 0
2019-01-29 12:30:00,341 INFO ====================
2019-01-29 12:30:00,341 INFO EPISODE 1 OF 10
2019-01-29 12:30:00,341 INFO ====================
2019-01-29 12:30:00,346 INFO best_player goes first
2019-01-29 12:30:00,346 INFO --------------
2019-01-29 12:30:00,346 INFO Current Turn: 1
2019-01-29 12:30:00,346 INFO # of draws this turn: 4
2019-01-29 12:30:00,347 INFO Player 1 hand: [(1, 1), (2, 3), (3, 4), (0, 5), (1, 5), (3, 5), (6, 6)]
2019-01-29 12:30:00,347 INFO Player 2 hand: [(2, 2), (0, 4)]
2019-01-29 12:30:00,348 INFO Head Domino Value: 6
2019-01-29 12:30:00,348 INFO Available actions: [(6, 6)]
2019-01-29 12:30:00,348 INFO --------------
2019-01-29 12:32:15,167 INFO =*=*=*=*=*=*=*=*=*=*=*=*=*=*=*=*=*=*=*=*=*
2019-01-29 12:32:15,168 INFO =*=*=*=*=*=.      NEW LOG      =*=*=*=*=*
2019-01-29 12:32:15,168 INFO =*=*=*=*=*=*=*=*=*=*=*=*=*=*=*=*=*=*=*=*=*
2019-01-29 12:32:20,148 INFO BEST PLAYER VERSION: 0
2019-01-29 12:32:20,162 INFO ====================
2019-01-29 12:32:20,163 INFO EPISODE 1 OF 10
2019-01-29 12:32:20,163 INFO ====================
2019-01-29 12:32:20,167 INFO best_player goes first
2019-01-29 12:32:20,167 INFO --------------
2019-01-29 12:32:20,167 INFO Current Turn: 1
2019-01-29 12:32:20,167 INFO # of draws this turn: 4
2019-01-29 12:32:20,168 INFO Player 1 hand: [(1, 1), (2, 3), (3, 4), (0, 5), (1, 5), (3, 5), (6, 6)]
2019-01-29 12:32:20,169 INFO Player 2 hand: [(2, 2), (0, 4)]
2019-01-29 12:32:20,169 INFO Head Domino Value: 6
2019-01-29 12:32:20,169 INFO Available actions: [(6, 6)]
2019-01-29 12:32:20,169 INFO --------------
2019-01-29 12:32:21,452 INFO MCTS perceived value for (6, 6): [-0.04]
2019-01-29 12:32:21,454 INFO Current Turn: -1
2019-01-29 12:32:21,454 INFO # of draws this turn: 1
2019-01-29 12:32:21,455 INFO Player 1 hand: [(2, 2), (0, 4), (1, 6)]
2019-01-29 12:32:21,456 INFO Player 2 hand: [(1, 1), (2, 3), (3, 4), (0, 5), (1, 5), (3, 5)]
2019-01-29 12:32:21,456 INFO Head Domino Value: 6
2019-01-29 12:32:21,456 INFO Available actions: [(1, 6)]
2019-01-29 12:32:21,456 INFO --------------
2019-01-29 12:32:22,097 INFO MCTS perceived value for (1, 6): [0.01]
2019-01-29 12:32:22,100 INFO Current Turn: 1
2019-01-29 12:32:22,100 INFO # of draws this turn: 0
2019-01-29 12:32:22,101 INFO Player 1 hand: [(1, 1), (2, 3), (3, 4), (0, 5), (1, 5), (3, 5)]
2019-01-29 12:32:22,101 INFO Player 2 hand: [(2, 2), (0, 4)]
2019-01-29 12:32:22,101 INFO Head Domino Value: 1
2019-01-29 12:32:22,102 INFO Available actions: [(1, 1), (1, 5)]
2019-01-29 12:32:22,102 INFO --------------
2019-01-29 12:32:22,449 INFO MCTS perceived value for (1, 5): [-0.01]
2019-01-29 12:32:22,454 INFO Current Turn: -1
2019-01-29 12:32:22,454 INFO # of draws this turn: 4
2019-01-29 12:32:22,455 INFO Player 1 hand: [(0, 2), (2, 2), (0, 3), (0, 4), (0, 6), (5, 6)]
2019-01-29 12:32:22,455 INFO Player 2 hand: [(1, 1), (2, 3), (3, 4), (0, 5), (3, 5)]
2019-01-29 12:32:22,455 INFO Head Domino Value: 5
2019-01-29 12:32:22,456 INFO Available actions: [(5, 6)]
2019-01-29 12:32:22,456 INFO --------------
2019-01-29 12:32:22,908 INFO MCTS perceived value for (5, 6): [-0.02]
2019-01-29 12:32:22,916 INFO Current Turn: 1
2019-01-29 12:32:22,916 INFO # of draws this turn: 5
2019-01-29 12:32:22,918 INFO Player 1 hand: [(0, 0), (1, 1), (1, 2), (2, 3), (3, 4), (0, 5), (2, 5), (3, 5), (4, 5), (4, 6)]
2019-01-29 12:32:22,918 INFO Player 2 hand: [(0, 2), (2, 2), (0, 3), (0, 4), (0, 6)]
2019-01-29 12:32:22,918 INFO Head Domino Value: 6
2019-01-29 12:32:22,919 INFO Available actions: [(4, 6)]
2019-01-29 12:32:22,919 INFO --------------
2019-01-29 12:32:23,327 INFO MCTS perceived value for (4, 6): [0.01]
2019-01-29 12:32:23,330 INFO Current Turn: -1
2019-01-29 12:32:23,330 INFO # of draws this turn: 0
2019-01-29 12:32:23,331 INFO Player 1 hand: [(0, 2), (2, 2), (0, 3), (0, 4), (0, 6)]
2019-01-29 12:32:23,332 INFO Player 2 hand: [(0, 0), (1, 1), (1, 2), (2, 3), (3, 4), (0, 5), (2, 5), (3, 5), (4, 5)]
2019-01-29 12:32:23,332 INFO Head Domino Value: 4
2019-01-29 12:32:23,332 INFO Available actions: [(0, 4)]
2019-01-29 12:32:23,332 INFO --------------
2019-01-29 12:32:23,846 INFO MCTS perceived value for (0, 4): [-0.01]
2019-01-29 12:32:23,849 INFO Current Turn: 1
2019-01-29 12:32:23,849 INFO # of draws this turn: 0
2019-01-29 12:32:23,850 INFO Player 1 hand: [(0, 0), (1, 1), (1, 2), (2, 3), (3, 4), (0, 5), (2, 5), (3, 5), (4, 5)]
2019-01-29 12:32:23,851 INFO Player 2 hand: [(0, 2), (2, 2), (0, 3), (0, 6)]
2019-01-29 12:32:23,851 INFO Head Domino Value: 0
2019-01-29 12:32:23,851 INFO Available actions: [(0, 0), (0, 5)]
2019-01-29 12:32:23,851 INFO --------------
2019-01-29 12:32:24,364 INFO MCTS perceived value for (0, 5): [0.02]
2019-01-29 12:32:24,369 INFO Current Turn: -1
2019-01-29 12:32:24,369 INFO # of draws this turn: 3
2019-01-29 12:32:24,370 INFO Player 1 hand: [(0, 2), (2, 2), (0, 3), (2, 4), (5, 5), (0, 6), (2, 6)]
2019-01-29 12:32:24,371 INFO Player 2 hand: [(0, 0), (1, 1), (1, 2), (2, 3), (3, 4), (2, 5), (3, 5), (4, 5)]
2019-01-29 12:32:24,371 INFO Head Domino Value: 5
2019-01-29 12:32:24,371 INFO Available actions: [(5, 5)]
2019-01-29 12:32:24,371 INFO --------------
2019-01-29 12:32:24,802 INFO MCTS perceived value for (5, 5): [-0.01]
2019-01-29 12:32:24,805 INFO Current Turn: 1
2019-01-29 12:32:24,805 INFO # of draws this turn: 0
2019-01-29 12:32:24,806 INFO Player 1 hand: [(0, 0), (1, 1), (1, 2), (2, 3), (3, 4), (2, 5), (3, 5), (4, 5)]
2019-01-29 12:32:24,807 INFO Player 2 hand: [(0, 2), (2, 2), (0, 3), (2, 4), (0, 6), (2, 6)]
2019-01-29 12:32:24,807 INFO Head Domino Value: 5
2019-01-29 12:32:24,808 INFO Available actions: [(2, 5), (3, 5), (4, 5)]
2019-01-29 12:32:24,808 INFO --------------
2019-01-29 12:32:25,114 INFO MCTS perceived value for (3, 5): [-0.02]
2019-01-29 12:32:25,117 INFO Current Turn: -1
2019-01-29 12:32:25,117 INFO # of draws this turn: 0
2019-01-29 12:32:25,118 INFO Player 1 hand: [(0, 2), (2, 2), (0, 3), (2, 4), (0, 6), (2, 6)]
2019-01-29 12:32:25,118 INFO Player 2 hand: [(0, 0), (1, 1), (1, 2), (2, 3), (3, 4), (2, 5), (3, 5)]
2019-01-29 12:32:25,118 INFO Head Domino Value: 4
2019-01-29 12:32:25,120 INFO Available actions: [(2, 4)]
2019-01-29 12:32:25,120 INFO --------------
2019-01-29 12:32:25,421 INFO MCTS perceived value for (2, 4): 0.0
2019-01-29 12:32:25,423 INFO Current Turn: 1
2019-01-29 12:32:25,423 INFO # of draws this turn: 0
2019-01-29 12:32:25,424 INFO Player 1 hand: [(0, 0), (1, 1), (1, 2), (2, 3), (3, 4), (2, 5), (3, 5)]
2019-01-29 12:32:25,425 INFO Player 2 hand: [(0, 2), (2, 2), (0, 3), (0, 6), (2, 6)]
2019-01-29 12:32:25,425 INFO Head Domino Value: 2
2019-01-29 12:32:25,426 INFO Available actions: [(1, 2), (2, 3), (2, 5)]
2019-01-29 12:32:25,426 INFO --------------
2019-01-29 12:32:25,754 INFO MCTS perceived value for (2, 5): 0.0
2019-01-29 12:32:25,762 INFO Current Turn: -1
2019-01-29 12:32:25,762 INFO # of draws this turn: 5
2019-01-29 12:32:25,763 INFO Player 1 hand: [(0, 1), (0, 2), (2, 2), (0, 3), (1, 3), (3, 3), (1, 4), (4, 4), (0, 6), (2, 6)]
2019-01-29 12:32:25,764 INFO Player 2 hand: [(0, 0), (1, 1), (1, 2), (2, 3), (3, 4), (3, 5)]
2019-01-29 12:32:25,764 INFO Head Domino Value: 5
2019-01-29 12:32:25,764 INFO Available actions: []
2019-01-29 12:32:25,765 INFO --------------
2019-01-29 12:32:25,765 INFO DRAW...
2019-01-29 12:32:25,765 INFO ====================
2019-01-29 12:32:25,765 INFO EPISODE 2 OF 10
2019-01-29 12:32:25,765 INFO ====================
2019-01-29 12:32:25,766 INFO best_player goes first
2019-01-29 12:32:25,766 INFO --------------
2019-01-29 12:32:25,766 INFO Current Turn: 1
2019-01-29 12:32:25,766 INFO # of draws this turn: 0
2019-01-29 12:32:25,767 INFO Player 1 hand: [(0, 5), (4, 6), (5, 6)]
2019-01-29 12:32:25,767 INFO Player 2 hand: [(0, 3), (3, 5)]
2019-01-29 12:32:25,767 INFO Head Domino Value: 6
2019-01-29 12:32:25,768 INFO Available actions: [(4, 6), (5, 6)]
2019-01-29 12:32:25,768 INFO --------------
2019-01-29 12:32:26,044 INFO MCTS perceived value for (5, 6): [-0.02]
2019-01-29 12:32:26,046 INFO Current Turn: -1
2019-01-29 12:32:26,046 INFO # of draws this turn: 0
2019-01-29 12:32:26,046 INFO Player 1 hand: [(0, 3), (3, 5)]
2019-01-29 12:32:26,047 INFO Player 2 hand: [(0, 5), (4, 6)]
2019-01-29 12:32:26,047 INFO Head Domino Value: 5
2019-01-29 12:32:26,047 INFO Available actions: [(3, 5)]
2019-01-29 12:32:26,047 INFO --------------
2019-01-29 12:32:26,638 INFO MCTS perceived value for (3, 5): [-0.]
2019-01-29 12:32:26,664 INFO Current Turn: 1
2019-01-29 12:32:26,664 INFO # of draws this turn: 16
2019-01-29 12:32:26,667 INFO Player 1 hand: [(0, 0), (0, 1), (0, 2), (1, 2), (2, 2), (0, 4), (1, 4), (2, 4), (3, 4), (4, 4), (0, 5), (1, 5), (2, 5), (5, 5), (0, 6), (2, 6), (4, 6), (6, 6)]
2019-01-29 12:32:26,667 INFO Player 2 hand: [(0, 3)]
2019-01-29 12:32:26,667 INFO Head Domino Value: 3
2019-01-29 12:32:26,667 INFO Available actions: [(3, 4)]
2019-01-29 12:32:26,667 INFO --------------
2019-01-31 11:57:14,420 INFO =*=*=*=*=*=*=*=*=*=*=*=*=*=*=*=*=*=*=*=*=*
2019-01-31 11:57:14,421 INFO =*=*=*=*=*=.      NEW LOG      =*=*=*=*=*
2019-01-31 11:57:14,421 INFO =*=*=*=*=*=*=*=*=*=*=*=*=*=*=*=*=*=*=*=*=*
2019-01-31 11:57:20,776 INFO BEST PLAYER VERSION: 0
2019-01-31 11:57:20,792 INFO ====================
2019-01-31 11:57:20,792 INFO EPISODE 1 OF 10
2019-01-31 11:57:20,792 INFO ====================
2019-01-31 11:57:20,797 INFO best_player goes first
2019-01-31 11:57:20,797 INFO --------------
2019-01-31 11:57:20,797 INFO Current Turn: 1
2019-01-31 11:57:20,797 INFO # of draws this turn: 4
2019-01-31 11:57:20,798 INFO Player 1 hand: [(1, 1), (2, 3), (3, 4), (0, 5), (1, 5), (3, 5), (6, 6)]
2019-01-31 11:57:20,798 INFO Player 2 hand: [(2, 2), (0, 4)]
2019-01-31 11:57:20,798 INFO Head Domino Value: 6
2019-01-31 11:57:20,799 INFO Available actions: [(6, 6)]
2019-01-31 11:57:20,799 INFO --------------
2019-01-31 11:57:22,440 INFO MCTS perceived value for (6, 6): [-0.03]
2019-01-31 11:59:15,248 INFO =*=*=*=*=*=*=*=*=*=*=*=*=*=*=*=*=*=*=*=*=*
2019-01-31 11:59:15,248 INFO =*=*=*=*=*=.      NEW LOG      =*=*=*=*=*
2019-01-31 11:59:15,248 INFO =*=*=*=*=*=*=*=*=*=*=*=*=*=*=*=*=*=*=*=*=*
2019-01-31 11:59:20,212 INFO BEST PLAYER VERSION: 0
2019-01-31 12:00:28,874 INFO =*=*=*=*=*=*=*=*=*=*=*=*=*=*=*=*=*=*=*=*=*
2019-01-31 12:00:28,874 INFO =*=*=*=*=*=.      NEW LOG      =*=*=*=*=*
2019-01-31 12:00:28,874 INFO =*=*=*=*=*=*=*=*=*=*=*=*=*=*=*=*=*=*=*=*=*
2019-01-31 12:00:33,824 INFO BEST PLAYER VERSION: 0
2019-01-31 12:11:38,207 INFO =*=*=*=*=*=*=*=*=*=*=*=*=*=*=*=*=*=*=*=*=*
2019-01-31 12:11:38,207 INFO =*=*=*=*=*=.      NEW LOG      =*=*=*=*=*
2019-01-31 12:11:38,207 INFO =*=*=*=*=*=*=*=*=*=*=*=*=*=*=*=*=*=*=*=*=*
2019-01-31 12:11:43,158 INFO BEST PLAYER VERSION: 0
2019-01-31 12:11:43,161 INFO ====================
2019-01-31 12:11:43,161 INFO EPISODE 1 OF 30
2019-01-31 12:11:43,161 INFO ====================
2019-01-31 12:11:43,162 INFO best_player plays as X
2019-01-31 12:11:43,162 INFO --------------
2019-01-31 12:11:43,162 INFO Current Turn: 1
2019-01-31 12:11:43,162 INFO # of draws this turn: 7
2019-01-31 12:11:43,162 INFO Player 1 hand: [(1, 3), (3, 3), (0, 4), (1, 4), (3, 4), (0, 5), (3, 5), (4, 5), (5, 5), (6, 6)]
2019-01-31 12:11:43,162 INFO Player 2 hand: [(0, 2), (2, 2)]
2019-01-31 12:11:43,162 INFO Head Domino Value: 6
2019-01-31 12:11:43,162 INFO Available actions: [(6, 6)]
2019-01-31 12:11:43,162 INFO --------------
2019-01-31 12:14:03,945 INFO =*=*=*=*=*=*=*=*=*=*=*=*=*=*=*=*=*=*=*=*=*
2019-01-31 12:14:03,945 INFO =*=*=*=*=*=.      NEW LOG      =*=*=*=*=*
2019-01-31 12:14:03,946 INFO =*=*=*=*=*=*=*=*=*=*=*=*=*=*=*=*=*=*=*=*=*
2019-01-31 12:14:08,849 INFO BEST PLAYER VERSION: 0
2019-01-31 12:14:08,852 INFO ====================
2019-01-31 12:14:08,852 INFO EPISODE 1 OF 30
2019-01-31 12:14:08,852 INFO ====================
2019-01-31 12:14:08,852 INFO best_player plays as X
2019-01-31 12:14:08,853 INFO --------------
2019-01-31 12:14:08,853 INFO Current Turn: 1
2019-01-31 12:14:08,853 INFO # of draws this turn: 7
2019-01-31 12:14:08,853 INFO Player 1 hand: [(1, 3), (3, 3), (0, 4), (1, 4), (3, 4), (0, 5), (3, 5), (4, 5), (5, 5), (6, 6)]
2019-01-31 12:14:08,853 INFO Player 2 hand: [(0, 2), (2, 2)]
2019-01-31 12:14:08,853 INFO Head Domino Value: 6
2019-01-31 12:14:08,853 INFO Available actions: [(6, 6)]
2019-01-31 12:14:08,853 INFO --------------
2019-02-05 13:52:51,088 INFO =*=*=*=*=*=*=*=*=*=*=*=*=*=*=*=*=*=*=*=*=*
2019-02-05 13:52:51,088 INFO =*=*=*=*=*=.      NEW LOG      =*=*=*=*=*
2019-02-05 13:52:51,088 INFO =*=*=*=*=*=*=*=*=*=*=*=*=*=*=*=*=*=*=*=*=*
2019-02-05 13:52:56,529 INFO BEST PLAYER VERSION: 0
2019-02-05 13:52:56,529 INFO ====================
2019-02-05 13:52:56,529 INFO EPISODE 1 OF 30
2019-02-05 13:52:56,529 INFO ====================
2019-02-05 13:52:56,529 INFO best_player plays as X
2019-02-05 13:52:56,529 INFO --------------
2019-02-05 13:52:56,530 INFO Current Turn: 1
2019-02-05 13:52:56,530 INFO # of draws this turn: 7
2019-02-05 13:52:56,530 INFO Player 1 hand: [(1, 3), (3, 3), (0, 4), (1, 4), (3, 4), (0, 5), (3, 5), (4, 5), (5, 5), (6, 6)]
2019-02-05 13:52:56,530 INFO Player 2 hand: [(0, 2), (2, 2)]
2019-02-05 13:52:56,530 INFO Head Domino Value: 6
2019-02-05 13:52:56,530 INFO Available actions: [(6, 6)]
2019-02-05 13:52:56,530 INFO --------------
